<?xml version="1.0" encoding="UTF-8"?>
<robot generator="Robot 3.2.2 (Python 3.8.3 on darwin)" generated="20201003 14:37:29.500" rpa="false">
<suite id="s1" name="Login Tests" source="/Users/zdenkomucina/Downloads/WebDemo-master/login_tests">
<suite id="s1-s1" name="Gherkin Login" source="/Users/zdenkomucina/Downloads/WebDemo-master/login_tests/gherkin_login.robot">
<test id="s1-s1-t1" name="Valid Login">
<kw name="Given browser is opened to login page">
<kw name="Open Browser To Login Page" library="resource">
<kw name="Open Browser" library="SeleniumLibrary">
<doc>Opens a new browser instance to the optional ``url``.</doc>
<arguments>
<arg>${LOGIN URL}</arg>
<arg>${BROWSER}</arg>
</arguments>
<msg timestamp="20201003 14:37:29.764" level="INFO">Opening browser 'Firefox' to base url 'http://localhost:7272/'.</msg>
<msg timestamp="20201003 14:37:29.765" level="INFO">Firefox driver log is always forced to to: /Users/zdenkomucina/Downloads/WebDemo-master/geckodriver-1.log</msg>
<kw name="Capture Page Screenshot" library="SeleniumLibrary">
<doc>Takes a screenshot of the current page and embeds it into a log file.</doc>
<msg timestamp="20201003 14:37:29.770" level="INFO">Cannot capture screenshot because no browser is open.</msg>
<status status="PASS" starttime="20201003 14:37:29.769" endtime="20201003 14:37:29.770"></status>
</kw>
<msg timestamp="20201003 14:37:29.778" level="FAIL">WebDriverException: Message: 'geckodriver' executable needs to be in PATH. 
</msg>
<status status="FAIL" starttime="20201003 14:37:29.764" endtime="20201003 14:37:29.778"></status>
</kw>
<status status="FAIL" starttime="20201003 14:37:29.763" endtime="20201003 14:37:29.779"></status>
</kw>
<status status="FAIL" starttime="20201003 14:37:29.763" endtime="20201003 14:37:29.779"></status>
</kw>
<kw name="Close Browser" library="SeleniumLibrary" type="teardown">
<doc>Closes the current browser.</doc>
<status status="PASS" starttime="20201003 14:37:29.779" endtime="20201003 14:37:29.779"></status>
</kw>
<status status="FAIL" starttime="20201003 14:37:29.762" endtime="20201003 14:37:29.780" critical="yes">WebDriverException: Message: 'geckodriver' executable needs to be in PATH. 
</status>
</test>
<doc>A test suite with a single Gherkin style test.

This test is functionally identical to the example in
valid_login.robot file.</doc>
<status status="FAIL" starttime="20201003 14:37:29.527" endtime="20201003 14:37:29.780"></status>
</suite>
<suite id="s1-s2" name="Invalid Login" source="/Users/zdenkomucina/Downloads/WebDemo-master/login_tests/invalid_login.robot">
<kw name="Open Browser To Login Page" library="resource" type="setup">
<kw name="Open Browser" library="SeleniumLibrary">
<doc>Opens a new browser instance to the optional ``url``.</doc>
<arguments>
<arg>${LOGIN URL}</arg>
<arg>${BROWSER}</arg>
</arguments>
<msg timestamp="20201003 14:37:29.787" level="INFO">Opening browser 'Firefox' to base url 'http://localhost:7272/'.</msg>
<msg timestamp="20201003 14:37:29.787" level="INFO">Firefox driver log is always forced to to: /Users/zdenkomucina/Downloads/WebDemo-master/geckodriver-2.log</msg>
<kw name="Capture Page Screenshot" library="SeleniumLibrary">
<doc>Takes a screenshot of the current page and embeds it into a log file.</doc>
<msg timestamp="20201003 14:37:29.791" level="INFO">Cannot capture screenshot because no browser is open.</msg>
<status status="PASS" starttime="20201003 14:37:29.791" endtime="20201003 14:37:29.791"></status>
</kw>
<msg timestamp="20201003 14:37:29.792" level="FAIL">WebDriverException: Message: 'geckodriver' executable needs to be in PATH. 
</msg>
<status status="FAIL" starttime="20201003 14:37:29.786" endtime="20201003 14:37:29.792"></status>
</kw>
<status status="FAIL" starttime="20201003 14:37:29.786" endtime="20201003 14:37:29.792"></status>
</kw>
<test id="s1-s2-t1" name="Invalid Username">
<status status="FAIL" starttime="20201003 14:37:29.792" endtime="20201003 14:37:29.793" critical="yes">Parent suite setup failed:
WebDriverException: Message: 'geckodriver' executable needs to be in PATH. 
</status>
</test>
<test id="s1-s2-t2" name="Invalid Password">
<status status="FAIL" starttime="20201003 14:37:29.793" endtime="20201003 14:37:29.793" critical="yes">Parent suite setup failed:
WebDriverException: Message: 'geckodriver' executable needs to be in PATH. 
</status>
</test>
<test id="s1-s2-t3" name="Invalid Username And Password">
<status status="FAIL" starttime="20201003 14:37:29.794" endtime="20201003 14:37:29.794" critical="yes">Parent suite setup failed:
WebDriverException: Message: 'geckodriver' executable needs to be in PATH. 
</status>
</test>
<test id="s1-s2-t4" name="Empty Username">
<status status="FAIL" starttime="20201003 14:37:29.794" endtime="20201003 14:37:29.795" critical="yes">Parent suite setup failed:
WebDriverException: Message: 'geckodriver' executable needs to be in PATH. 
</status>
</test>
<test id="s1-s2-t5" name="Empty Password">
<status status="FAIL" starttime="20201003 14:37:29.795" endtime="20201003 14:37:29.796" critical="yes">Parent suite setup failed:
WebDriverException: Message: 'geckodriver' executable needs to be in PATH. 
</status>
</test>
<test id="s1-s2-t6" name="Empty Username And Password">
<status status="FAIL" starttime="20201003 14:37:29.796" endtime="20201003 14:37:29.796" critical="yes">Parent suite setup failed:
WebDriverException: Message: 'geckodriver' executable needs to be in PATH. 
</status>
</test>
<kw name="Close Browser" library="SeleniumLibrary" type="teardown">
<doc>Closes the current browser.</doc>
<status status="PASS" starttime="20201003 14:37:29.797" endtime="20201003 14:37:29.797"></status>
</kw>
<doc>A test suite containing tests related to invalid login.

These tests are data-driven by their nature. They use a single
keyword, specified with Test Template setting, that is called
with different arguments to cover different scenarios.

This suite also demonstrates using setups and teardowns in
different levels.</doc>
<status status="FAIL" starttime="20201003 14:37:29.781" endtime="20201003 14:37:29.797">Suite setup failed:
WebDriverException: Message: 'geckodriver' executable needs to be in PATH. 
</status>
</suite>
<suite id="s1-s3" name="Valid Login" source="/Users/zdenkomucina/Downloads/WebDemo-master/login_tests/valid_login.robot">
<test id="s1-s3-t1" name="Valid Login">
<kw name="Open Browser To Login Page" library="resource">
<kw name="Open Browser" library="SeleniumLibrary">
<doc>Opens a new browser instance to the optional ``url``.</doc>
<arguments>
<arg>${LOGIN URL}</arg>
<arg>${BROWSER}</arg>
</arguments>
<msg timestamp="20201003 14:37:29.802" level="INFO">Opening browser 'Firefox' to base url 'http://localhost:7272/'.</msg>
<msg timestamp="20201003 14:37:29.803" level="INFO">Firefox driver log is always forced to to: /Users/zdenkomucina/Downloads/WebDemo-master/geckodriver-3.log</msg>
<kw name="Capture Page Screenshot" library="SeleniumLibrary">
<doc>Takes a screenshot of the current page and embeds it into a log file.</doc>
<msg timestamp="20201003 14:37:29.806" level="INFO">Cannot capture screenshot because no browser is open.</msg>
<status status="PASS" starttime="20201003 14:37:29.806" endtime="20201003 14:37:29.806"></status>
</kw>
<msg timestamp="20201003 14:37:29.807" level="FAIL">WebDriverException: Message: 'geckodriver' executable needs to be in PATH. 
</msg>
<status status="FAIL" starttime="20201003 14:37:29.802" endtime="20201003 14:37:29.807"></status>
</kw>
<status status="FAIL" starttime="20201003 14:37:29.802" endtime="20201003 14:37:29.807"></status>
</kw>
<kw name="Close Browser" library="SeleniumLibrary" type="teardown">
<doc>Closes the current browser.</doc>
<status status="PASS" starttime="20201003 14:37:29.808" endtime="20201003 14:37:29.808"></status>
</kw>
<status status="FAIL" starttime="20201003 14:37:29.801" endtime="20201003 14:37:29.808" critical="yes">WebDriverException: Message: 'geckodriver' executable needs to be in PATH. 
</status>
</test>
<doc>A test suite with a single test for valid login.

This test has a workflow that is created using keywords in
the imported resource file.</doc>
<status status="FAIL" starttime="20201003 14:37:29.798" endtime="20201003 14:37:29.808"></status>
</suite>
<status status="FAIL" starttime="20201003 14:37:29.501" endtime="20201003 14:37:29.809"></status>
</suite>
<statistics>
<total>
<stat pass="0" fail="8">Critical Tests</stat>
<stat pass="0" fail="8">All Tests</stat>
</total>
<tag>
</tag>
<suite>
<stat pass="0" fail="8" id="s1" name="Login Tests">Login Tests</stat>
<stat pass="0" fail="1" id="s1-s1" name="Gherkin Login">Login Tests.Gherkin Login</stat>
<stat pass="0" fail="6" id="s1-s2" name="Invalid Login">Login Tests.Invalid Login</stat>
<stat pass="0" fail="1" id="s1-s3" name="Valid Login">Login Tests.Valid Login</stat>
</suite>
</statistics>
<errors>
</errors>
</robot>
